<?xml version="1.0" encoding="UTF-8"?>
<!-- Generated by org.testng.reporters.JUnitXMLReporter -->
<testsuite ignored="1" hostname="Srividya" failures="0" tests="2" name="Submit Order Test" time="28.378" errors="0" timestamp="2026-03-12T17:52:10 ADT">
  <testcase classname="rahulshettyacademy.Tests.SubmitOrderTest" name="submitOrder" time="15.624"/>
  <testcase classname="rahulshettyacademy.Tests.SubmitOrderTest" name="submitOrder" time="3.687"/>
  <testcase classname="rahulshettyacademy.Tests.SubmitOrderTest" name="OrderHistoryTest" time="0.0">
    <ignored/>
  </testcase> <!-- OrderHistoryTest -->
</testsuite> <!-- Submit Order Test -->
