<?xml version="1.0" encoding="UTF-8"?>
<testng-results ignored="3" total="5" passed="2" failed="0" skipped="0">
  <reporter-output>
  </reporter-output>
  <suite started-at="2026-03-12T17:51:42 ADT" name="Suite" finished-at="2026-03-12T17:52:10 ADT" duration-ms="28378">
    <groups>
      <group name="Purchase">
        <method signature="SubmitOrderTest.submitOrder(java.util.HashMap)[pri:0, instance:rahulshettyacademy.Tests.SubmitOrderTest@76908cc0]" name="submitOrder" class="rahulshettyacademy.Tests.SubmitOrderTest"/>
      </group> <!-- Purchase -->
    </groups>
    <test started-at="2026-03-12T17:51:42 ADT" name="Error Validation Test" finished-at="2026-03-12T17:51:42 ADT" duration-ms="6">
    </test> <!-- Error Validation Test -->
    <test started-at="2026-03-12T17:51:42 ADT" name="Submit Order Test" finished-at="2026-03-12T17:52:10 ADT" duration-ms="28378">
      <class name="rahulshettyacademy.Tests.SubmitOrderTest">
        <test-method is-config="true" signature="launchApplication()[pri:0, instance:rahulshettyacademy.Tests.SubmitOrderTest@76908cc0]" started-at="2026-03-12T17:51:42 ADT" name="launchApplication" finished-at="2026-03-12T17:51:46 ADT" duration-ms="4430" status="PASS">
          <reporter-output>
          </reporter-output>
        </test-method> <!-- launchApplication -->
        <test-method signature="submitOrder(java.util.HashMap)[pri:0, instance:rahulshettyacademy.Tests.SubmitOrderTest@76908cc0]" started-at="2026-03-12T17:51:46 ADT" name="submitOrder" data-provider="getData" finished-at="2026-03-12T17:52:02 ADT" duration-ms="15624" status="PASS">
          <params>
            <param index="0">
              <value>
                <![CDATA[{password=Welcome@123, product=ZARA COAT 3, email=selenium.automation@gmail.com}]]>
              </value>
            </param>
          </params>
          <reporter-output>
          </reporter-output>
        </test-method> <!-- submitOrder -->
        <test-method is-config="true" signature="tearDown()[pri:0, instance:rahulshettyacademy.Tests.SubmitOrderTest@76908cc0]" started-at="2026-03-12T17:52:02 ADT" name="tearDown" finished-at="2026-03-12T17:52:02 ADT" duration-ms="173" status="PASS">
          <reporter-output>
          </reporter-output>
        </test-method> <!-- tearDown -->
        <test-method is-config="true" signature="launchApplication()[pri:0, instance:rahulshettyacademy.Tests.SubmitOrderTest@76908cc0]" started-at="2026-03-12T17:52:02 ADT" name="launchApplication" finished-at="2026-03-12T17:52:06 ADT" duration-ms="4137" status="PASS">
          <reporter-output>
          </reporter-output>
        </test-method> <!-- launchApplication -->
        <test-method signature="submitOrder(java.util.HashMap)[pri:0, instance:rahulshettyacademy.Tests.SubmitOrderTest@76908cc0]" started-at="2026-03-12T17:52:06 ADT" name="submitOrder" data-provider="getData" finished-at="2026-03-12T17:52:10 ADT" duration-ms="3687" status="PASS">
          <params>
            <param index="0">
              <value>
                <![CDATA[{password=Welcome@456, product=ADIDAS ORIGINAL, email=sri.reddy@gmail.com}]]>
              </value>
            </param>
          </params>
          <reporter-output>
          </reporter-output>
        </test-method> <!-- submitOrder -->
        <test-method is-config="true" signature="tearDown()[pri:0, instance:rahulshettyacademy.Tests.SubmitOrderTest@76908cc0]" started-at="2026-03-12T17:52:10 ADT" name="tearDown" finished-at="2026-03-12T17:52:10 ADT" duration-ms="149" status="PASS">
          <reporter-output>
          </reporter-output>
        </test-method> <!-- tearDown -->
      </class> <!-- rahulshettyacademy.Tests.SubmitOrderTest -->
    </test> <!-- Submit Order Test -->
  </suite> <!-- Suite -->
</testng-results>
