<?xml version="1.0" encoding="UTF-8"?>
<testsuite xmlns:xsi="http://www.w3.org/2001/XMLSchema-instance" xsi:noNamespaceSchemaLocation="https://maven.apache.org/surefire/maven-surefire-plugin/xsd/surefire-test-report.xsd" version="3.0.2" name="TestSuite" time="28.693" tests="2" errors="0" skipped="0" failures="0" flakes="0">
  <properties>
[...]
</properties>
  <testcase name="submitOrder[{password=Welcome@123, product=ZARA COAT 3, email=selenium.automation@gmail.com}](1)" classname="rahulshettyacademy.Tests.SubmitOrderTest" time="15.627">
    <system-err><![CDATA[SLF4J(W): No SLF4J providers were found.
SLF4J(W): Defaulting to no-operation (NOP) logger implementation
SLF4J(W): See https://www.slf4j.org/codes.html#noProviders for further details.
]]></system-err>
  </testcase>
  <testcase name="submitOrder[{password=Welcome@456, product=ADIDAS ORIGINAL, email=sri.reddy@gmail.com}](2)" classname="rahulshettyacademy.Tests.SubmitOrderTest" time="3.687"/>
</testsuite>