<?xml version="1.0" encoding="UTF-8"?>
<testng-results ignored="3" total="5" passed="2" failed="0" skipped="0">
  <reporter-output>
  </reporter-output>
  <suite started-at="2026-03-12T17:50:34 ADT" name="Suite" finished-at="2026-03-12T17:51:03 ADT" duration-ms="29023">
    <groups>
      <group name="Purchase">
        <method signature="SubmitOrderTest.submitOrder(java.util.HashMap)[pri:0, instance:rahulshettyacademy.Tests.SubmitOrderTest@245b4bdc]" name="submitOrder" class="rahulshettyacademy.Tests.SubmitOrderTest"/>
      </group> <!-- Purchase -->
    </groups>
    <test started-at="2026-03-12T17:50:34 ADT" name="Error Validation Test" finished-at="2026-03-12T17:50:34 ADT" duration-ms="9">
    </test> <!-- Error Validation Test -->
    <test started-at="2026-03-12T17:50:34 ADT" name="Submit Order Test" finished-at="2026-03-12T17:51:03 ADT" duration-ms="29023">
      <class name="rahulshettyacademy.Tests.SubmitOrderTest">
        <test-method is-config="true" signature="launchApplication()[pri:0, instance:rahulshettyacademy.Tests.SubmitOrderTest@245b4bdc]" started-at="2026-03-12T17:50:34 ADT" name="launchApplication" finished-at="2026-03-12T17:50:39 ADT" duration-ms="4724" status="PASS">
          <reporter-output>
          </reporter-output>
        </test-method> <!-- launchApplication -->
        <test-method signature="submitOrder(java.util.HashMap)[pri:0, instance:rahulshettyacademy.Tests.SubmitOrderTest@245b4bdc]" started-at="2026-03-12T17:50:39 ADT" name="submitOrder" data-provider="getData" finished-at="2026-03-12T17:50:43 ADT" duration-ms="3870" status="PASS">
          <params>
            <param index="0">
              <value>
                <![CDATA[{password=Welcome@123, product=ZARA COAT 3, email=selenium.automation@gmail.com}]]>
              </value>
            </param>
          </params>
          <reporter-output>
          </reporter-output>
        </test-method> <!-- submitOrder -->
        <test-method is-config="true" signature="tearDown()[pri:0, instance:rahulshettyacademy.Tests.SubmitOrderTest@245b4bdc]" started-at="2026-03-12T17:50:43 ADT" name="tearDown" finished-at="2026-03-12T17:50:43 ADT" duration-ms="160" status="PASS">
          <reporter-output>
          </reporter-output>
        </test-method> <!-- tearDown -->
        <test-method is-config="true" signature="launchApplication()[pri:0, instance:rahulshettyacademy.Tests.SubmitOrderTest@245b4bdc]" started-at="2026-03-12T17:50:43 ADT" name="launchApplication" finished-at="2026-03-12T17:50:47 ADT" duration-ms="4109" status="PASS">
          <reporter-output>
          </reporter-output>
        </test-method> <!-- launchApplication -->
        <test-method signature="submitOrder(java.util.HashMap)[pri:0, instance:rahulshettyacademy.Tests.SubmitOrderTest@245b4bdc]" started-at="2026-03-12T17:50:47 ADT" name="submitOrder" data-provider="getData" finished-at="2026-03-12T17:51:03 ADT" duration-ms="15835" status="PASS">
          <params>
            <param index="0">
              <value>
                <![CDATA[{password=Welcome@456, product=ADIDAS ORIGINAL, email=sri.reddy@gmail.com}]]>
              </value>
            </param>
          </params>
          <reporter-output>
          </reporter-output>
        </test-method> <!-- submitOrder -->
        <test-method is-config="true" signature="tearDown()[pri:0, instance:rahulshettyacademy.Tests.SubmitOrderTest@245b4bdc]" started-at="2026-03-12T17:51:03 ADT" name="tearDown" finished-at="2026-03-12T17:51:03 ADT" duration-ms="145" status="PASS">
          <reporter-output>
          </reporter-output>
        </test-method> <!-- tearDown -->
      </class> <!-- rahulshettyacademy.Tests.SubmitOrderTest -->
    </test> <!-- Submit Order Test -->
  </suite> <!-- Suite -->
</testng-results>
