<?xml version="1.0" encoding="UTF-8"?>
<!-- Generated by org.testng.reporters.JUnitReportReporter -->
<testsuite hostname="Srividya" failures="0" tests="2" name="rahulshettyacademy.Tests.SubmitOrderTest" time="28.843" errors="0" timestamp="2026-03-12T17:51:03 ADT" skipped="0">
  <testcase classname="rahulshettyacademy.Tests.SubmitOrderTest" name="submitOrder" time="8.124"/>
  <testcase classname="rahulshettyacademy.Tests.SubmitOrderTest" name="submitOrder" time="20.719"/>
</testsuite> <!-- rahulshettyacademy.Tests.SubmitOrderTest -->
