<?xml version="1.0" encoding="UTF-8"?>
<!-- Generated by org.testng.reporters.JUnitReportReporter -->
<testsuite hostname="Srividya" failures="0" tests="2" name="rahulshettyacademy.Tests.SubmitOrderTest" time="28.200" errors="0" timestamp="2026-03-12T17:52:10 ADT" skipped="0">
  <testcase classname="rahulshettyacademy.Tests.SubmitOrderTest" name="submitOrder" time="7.997"/>
  <testcase classname="rahulshettyacademy.Tests.SubmitOrderTest" name="submitOrder" time="20.203"/>
</testsuite> <!-- rahulshettyacademy.Tests.SubmitOrderTest -->
